<?xml version="1.0" encoding="UTF-8" ?>
<testsuite errors="0" failures="0" hostname="sys_m05" name="com.wgen.test.AppSelInterfaceTest" tests="2" time="0.306" timestamp="2012-04-12T11:32:40">
  <properties>
[...]
</properties>
  <testcase classname="com.wgen.test.AppSelInterfaceTest" name="testGetUserApps" time="0.131" />
  <testcase classname="com.wgen.test.AppSelInterfaceTest" name="testIs_Admin" time="0.0020" />
  <system-out><![CDATA[]]></system-out>
  <system-err><![CDATA[Apr 12, 2012 11:32:40 AM com.liferay.portal.kernel.log.Jdk14LogImpl info
INFO: name---"Dashboard"
Apr 12, 2012 11:32:40 AM com.liferay.portal.kernel.log.Jdk14LogImpl info
INFO: description---"SLI dashboard application"
Apr 12, 2012 11:32:40 AM com.liferay.portal.kernel.log.Jdk14LogImpl info
INFO: behaviour---"Full Window App"
Apr 12, 2012 11:32:40 AM com.liferay.portal.kernel.log.Jdk14LogImpl info
INFO: image url---"http://placekitten.com/150/150"
Apr 12, 2012 11:32:40 AM com.liferay.portal.kernel.log.Jdk14LogImpl info
INFO: app url---""
Apr 12, 2012 11:32:40 AM com.liferay.portal.kernel.log.Jdk14LogImpl info
INFO: name---"Dashboard (Integration)"
Apr 12, 2012 11:32:40 AM com.liferay.portal.kernel.log.Jdk14LogImpl info
INFO: description---"SLI dashboard application (integration server)"
Apr 12, 2012 11:32:40 AM com.liferay.portal.kernel.log.Jdk14LogImpl info
INFO: behaviour---"Full Window App"
Apr 12, 2012 11:32:40 AM com.liferay.portal.kernel.log.Jdk14LogImpl info
INFO: image url---"http://placekitten.com/150/150"
Apr 12, 2012 11:32:40 AM com.liferay.portal.kernel.log.Jdk14LogImpl info
INFO: app url---""
Apr 12, 2012 11:32:40 AM com.liferay.portal.kernel.log.Jdk14LogImpl info
INFO: name---"Dashboard (Deployment)"
Apr 12, 2012 11:32:40 AM com.liferay.portal.kernel.log.Jdk14LogImpl info
INFO: description---"SLI dashboard application (deployment server)"
Apr 12, 2012 11:32:40 AM com.liferay.portal.kernel.log.Jdk14LogImpl info
INFO: behaviour---"Full Window App"
Apr 12, 2012 11:32:40 AM com.liferay.portal.kernel.log.Jdk14LogImpl info
INFO: image url---"http://placekitten.com/150/150"
Apr 12, 2012 11:32:40 AM com.liferay.portal.kernel.log.Jdk14LogImpl info
INFO: app url---""
Apr 12, 2012 11:32:40 AM com.liferay.portal.kernel.log.Jdk14LogImpl info
INFO: name---"Dashboard (CI)"
Apr 12, 2012 11:32:40 AM com.liferay.portal.kernel.log.Jdk14LogImpl info
INFO: description---"SLI dashboard application (CI server)"
Apr 12, 2012 11:32:40 AM com.liferay.portal.kernel.log.Jdk14LogImpl info
INFO: behaviour---"Full Window App"
Apr 12, 2012 11:32:40 AM com.liferay.portal.kernel.log.Jdk14LogImpl info
INFO: image url---"http://placekitten.com/150/150"
Apr 12, 2012 11:32:40 AM com.liferay.portal.kernel.log.Jdk14LogImpl info
INFO: app url---""
Apr 12, 2012 11:32:40 AM com.liferay.portal.kernel.log.Jdk14LogImpl info
INFO: name---"Dashboard (NXBuild)"
Apr 12, 2012 11:32:40 AM com.liferay.portal.kernel.log.Jdk14LogImpl info
INFO: description---"Dashboard NXBuild server"
Apr 12, 2012 11:32:40 AM com.liferay.portal.kernel.log.Jdk14LogImpl info
INFO: behaviour---"Full Window App"
Apr 12, 2012 11:32:40 AM com.liferay.portal.kernel.log.Jdk14LogImpl info
INFO: image url---"http://placekitten.com/150/150"
Apr 12, 2012 11:32:40 AM com.liferay.portal.kernel.log.Jdk14LogImpl info
INFO: app url---""
Apr 12, 2012 11:32:40 AM com.liferay.portal.kernel.log.Jdk14LogImpl info
INFO: name---"Dashboard (NXBuild2)"
Apr 12, 2012 11:32:40 AM com.liferay.portal.kernel.log.Jdk14LogImpl info
INFO: description---"Dashboard NXBuild2 server"
Apr 12, 2012 11:32:40 AM com.liferay.portal.kernel.log.Jdk14LogImpl info
INFO: behaviour---"Full Window App"
Apr 12, 2012 11:32:40 AM com.liferay.portal.kernel.log.Jdk14LogImpl info
INFO: image url---"http://placekitten.com/150/150"
Apr 12, 2012 11:32:40 AM com.liferay.portal.kernel.log.Jdk14LogImpl info
INFO: app url---""
Apr 12, 2012 11:32:40 AM com.liferay.portal.kernel.log.Jdk14LogImpl info
INFO: name---"Portal Devlr1"
Apr 12, 2012 11:32:40 AM com.liferay.portal.kernel.log.Jdk14LogImpl info
INFO: description---"Portal Devlr1"
Apr 12, 2012 11:32:40 AM com.liferay.portal.kernel.log.Jdk14LogImpl info
INFO: behaviour---"Full Window App"
Apr 12, 2012 11:32:40 AM com.liferay.portal.kernel.log.Jdk14LogImpl info
INFO: image url---"http://placekitten.com/150/150"
Apr 12, 2012 11:32:40 AM com.liferay.portal.kernel.log.Jdk14LogImpl info
INFO: app url---""
Apr 12, 2012 11:32:40 AM com.liferay.portal.kernel.log.Jdk14LogImpl info
INFO: name---"Portal Devlr2"
Apr 12, 2012 11:32:40 AM com.liferay.portal.kernel.log.Jdk14LogImpl info
INFO: description---"Portal Devlr2"
Apr 12, 2012 11:32:40 AM com.liferay.portal.kernel.log.Jdk14LogImpl info
INFO: behaviour---"Full Window App"
Apr 12, 2012 11:32:40 AM com.liferay.portal.kernel.log.Jdk14LogImpl info
INFO: image url---"http://placekitten.com/150/150"
Apr 12, 2012 11:32:40 AM com.liferay.portal.kernel.log.Jdk14LogImpl info
INFO: app url---""
Apr 12, 2012 11:32:40 AM com.liferay.portal.kernel.log.Jdk14LogImpl info
INFO: name---"Portal Testlr1"
Apr 12, 2012 11:32:40 AM com.liferay.portal.kernel.log.Jdk14LogImpl info
INFO: description---"Portal Testlr1"
Apr 12, 2012 11:32:40 AM com.liferay.portal.kernel.log.Jdk14LogImpl info
INFO: behaviour---"Full Window App"
Apr 12, 2012 11:32:40 AM com.liferay.portal.kernel.log.Jdk14LogImpl info
INFO: image url---"http://placekitten.com/150/150"
Apr 12, 2012 11:32:40 AM com.liferay.portal.kernel.log.Jdk14LogImpl info
INFO: app url---""
Apr 12, 2012 11:32:40 AM com.liferay.portal.kernel.log.Jdk14LogImpl info
INFO: name---"SDK Sample"
Apr 12, 2012 11:32:40 AM com.liferay.portal.kernel.log.Jdk14LogImpl info
INFO: description---"SDK Sample Application"
Apr 12, 2012 11:32:40 AM com.liferay.portal.kernel.log.Jdk14LogImpl info
INFO: behaviour---"Full Window App"
Apr 12, 2012 11:32:40 AM com.liferay.portal.kernel.log.Jdk14LogImpl info
INFO: image url---"http://placekitten.com/150/150"
Apr 12, 2012 11:32:40 AM com.liferay.portal.kernel.log.Jdk14LogImpl info
INFO: app url---""
]]></system-err>
</testsuite>
